<?xml version="1.0" encoding="UTF-8"?>
<!-- Generated by org.testng.reporters.JUnitXMLReporter -->
<testsuite hostname="PC0SQQG7" name="Selenium Grid Linux Chrome" tests="4" failures="2" timestamp="7 Sep 2018 12:12:18 GMT" time="367.671" errors="0">
  <testcase name="configureTest" time="0.006" classname="com.sdc.automation.runner.TestNG"/>
  <testcase name="configureTest" time="0.006" classname="com.sdc.automation.runner.TestNG"/>
  <testcase name="feature" time="366.945" classname="com.sdc.automation.runner.TestRunner">
    <failure type="cucumber.runtime.CucumberException" message="java.io.IOException: Stream closed">
      <![CDATA[cucumber.runtime.CucumberException: java.io.IOException: Stream closed
	at cucumber.api.testng.TestNGCucumberRunner.runCucumber(TestNGCucumberRunner.java:69)
	at cucumber.api.testng.AbstractTestNGCucumberTests.feature(AbstractTestNGCucumberTests.java:21)
	at java.util.concurrent.FutureTask.run(FutureTask.java:266)
	at java.util.concurrent.ThreadPoolExecutor.runWorker(ThreadPoolExecutor.java:1149)
	at java.util.concurrent.ThreadPoolExecutor$Worker.run(ThreadPoolExecutor.java:624)
	at java.lang.Thread.run(Thread.java:748)
Caused by: java.io.IOException: Stream closed
	at java.io.BufferedReader.ensureOpen(BufferedReader.java:122)
	at java.io.BufferedReader.readLine(BufferedReader.java:317)
	at java.io.BufferedReader.readLine(BufferedReader.java:389)
	at com.sdc.automation.utilities.FileUtils.hasNullData(FileUtils.java:35)
	at com.sdc.automation.backend.DruidConnection.DruidDataCheckNull(DruidConnection.java:40)
	at com.sdc.automation.stepdefinitions.DruidStepDefinition.DruidDataCheckNull(DruidStepDefinition.java:18)
	at ✽.And the Druid file is extracted and NULL check begins(Backend.feature:17)
... Removed 16 stack frames]]>
    </failure>
  </testcase> <!-- feature -->
  <testcase name="feature" time="366.945" classname="com.sdc.automation.runner.TestRunner">
    <failure type="cucumber.runtime.CucumberException" message="java.io.IOException: Stream closed">
      <![CDATA[cucumber.runtime.CucumberException: java.io.IOException: Stream closed
	at cucumber.api.testng.TestNGCucumberRunner.runCucumber(TestNGCucumberRunner.java:69)
	at cucumber.api.testng.AbstractTestNGCucumberTests.feature(AbstractTestNGCucumberTests.java:21)
	at java.util.concurrent.FutureTask.run(FutureTask.java:266)
	at java.util.concurrent.ThreadPoolExecutor.runWorker(ThreadPoolExecutor.java:1149)
	at java.util.concurrent.ThreadPoolExecutor$Worker.run(ThreadPoolExecutor.java:624)
	at java.lang.Thread.run(Thread.java:748)
Caused by: java.io.IOException: Stream closed
	at java.io.BufferedReader.ensureOpen(BufferedReader.java:122)
	at java.io.BufferedReader.readLine(BufferedReader.java:317)
	at java.io.BufferedReader.readLine(BufferedReader.java:389)
	at com.sdc.automation.utilities.FileUtils.hasNullData(FileUtils.java:35)
	at com.sdc.automation.backend.DruidConnection.DruidDataCheckNull(DruidConnection.java:40)
	at com.sdc.automation.stepdefinitions.DruidStepDefinition.DruidDataCheckNull(DruidStepDefinition.java:18)
	at ✽.And the Druid file is extracted and NULL check begins(Backend.feature:17)
... Removed 16 stack frames]]>
    </failure>
  </testcase> <!-- feature -->
</testsuite> <!-- Selenium Grid Linux Chrome -->
