<?xml version="1.0" encoding="UTF-8"?>
<testng-results skipped="0" failed="0" total="1" passed="1">
  <reporter-output>
  </reporter-output>
  <suite name="Selenium Grid Test Suite" duration-ms="926" started-at="2018-09-07T08:44:53Z" finished-at="2018-09-07T08:44:54Z">
    <groups>
      <group name="cucumber">
        <method signature="AbstractTestNGCucumberTests.feature(cucumber.api.testng.CucumberFeatureWrapper)[pri:0, instance:com.sdc.automation.runner.TestRunner@49993335]" name="feature" class="cucumber.api.testng.AbstractTestNGCucumberTests"/>
      </group> <!-- cucumber -->
    </groups>
    <test name="Selenium Grid Linux Chrome" duration-ms="926" started-at="2018-09-07T08:44:53Z" finished-at="2018-09-07T08:44:54Z">
      <class name="com.sdc.automation.runner.TestNG">
        <test-method status="PASS" signature="configureSuite(java.lang.String, java.lang.String)[pri:0, instance:com.sdc.automation.runner.TestNG@5025a98f]" name="configureSuite" is-config="true" duration-ms="20" started-at="2018-09-07T14:14:53Z" finished-at="2018-09-07T14:14:53Z">
          <params>
            <param index="0">
              <value>
                <![CDATA[http://10.79.236.111:4444/wd/hub]]>
              </value>
            </param>
            <param index="1">
              <value>
                <![CDATA[none]]>
              </value>
            </param>
          </params>
          <reporter-output>
          </reporter-output>
        </test-method> <!-- configureSuite -->
        <test-method status="PASS" signature="configureTest(java.lang.String, java.lang.String, java.lang.String)[pri:0, instance:com.sdc.automation.runner.TestNG@5025a98f]" name="configureTest" duration-ms="0" started-at="2018-09-07T14:14:53Z" finished-at="2018-09-07T14:14:53Z">
          <params>
            <param index="0">
              <value>
                <![CDATA[none]]>
              </value>
            </param>
            <param index="1">
              <value>
                <![CDATA[none]]>
              </value>
            </param>
            <param index="2">
              <value>
                <![CDATA[none]]>
              </value>
            </param>
          </params>
          <reporter-output>
          </reporter-output>
        </test-method> <!-- configureTest -->
      </class> <!-- com.sdc.automation.runner.TestNG -->
      <class name="com.sdc.automation.runner.TestRunner">
        <test-method status="PASS" signature="setUpClass()[pri:0, instance:com.sdc.automation.runner.TestRunner@49993335]" name="setUpClass" is-config="true" duration-ms="378" started-at="2018-09-07T14:14:53Z" finished-at="2018-09-07T14:14:53Z">
          <reporter-output>
          </reporter-output>
        </test-method> <!-- setUpClass -->
        <test-method status="PASS" signature="tearDownClass()[pri:0, instance:com.sdc.automation.runner.TestRunner@49993335]" name="tearDownClass" is-config="true" duration-ms="386" started-at="2018-09-07T14:14:54Z" finished-at="2018-09-07T14:14:54Z">
          <reporter-output>
          </reporter-output>
        </test-method> <!-- tearDownClass -->
      </class> <!-- com.sdc.automation.runner.TestRunner -->
    </test> <!-- Selenium Grid Linux Chrome -->
  </suite> <!-- Selenium Grid Test Suite -->
</testng-results>
